<?xml version="1.0" encoding="UTF-8"?>
<testsuite name="br.com.c3po.CommonApplicationTests" tests="1" skipped="0" failures="0" errors="0" timestamp="2022-04-02T01:29:19" hostname="heribertoagj-K46CB" time="1.023">
  <properties/>
  <testcase name="contextLoads()" classname="br.com.c3po.CommonApplicationTests" time="1.023"/>
  <system-out><![CDATA[22:29:16.498 [Test worker] DEBUG org.springframework.test.context.BootstrapUtils - Instantiating CacheAwareContextLoaderDelegate from class [org.springframework.test.context.cache.DefaultCacheAwareContextLoaderDelegate]
22:29:16.524 [Test worker] DEBUG org.springframework.test.context.BootstrapUtils - Instantiating BootstrapContext using constructor [public org.springframework.test.context.support.DefaultBootstrapContext(java.lang.Class,org.springframework.test.context.CacheAwareContextLoaderDelegate)]
22:29:16.607 [Test worker] DEBUG org.springframework.test.context.BootstrapUtils - Instantiating TestContextBootstrapper for test class [br.com.c3po.CommonApplicationTests] from class [org.springframework.boot.test.context.SpringBootTestContextBootstrapper]
22:29:16.639 [Test worker] INFO org.springframework.boot.test.context.SpringBootTestContextBootstrapper - Neither @ContextConfiguration nor @ContextHierarchy found for test class [br.com.c3po.CommonApplicationTests], using SpringBootContextLoader
22:29:16.651 [Test worker] DEBUG org.springframework.test.context.support.AbstractContextLoader - Did not detect default resource location for test class [br.com.c3po.CommonApplicationTests]: class path resource [br/com/c3po/CommonApplicationTests-context.xml] does not exist
22:29:16.652 [Test worker] DEBUG org.springframework.test.context.support.AbstractContextLoader - Did not detect default resource location for test class [br.com.c3po.CommonApplicationTests]: class path resource [br/com/c3po/CommonApplicationTestsContext.groovy] does not exist
22:29:16.652 [Test worker] INFO org.springframework.test.context.support.AbstractContextLoader - Could not detect default resource locations for test class [br.com.c3po.CommonApplicationTests]: no resource found for suffixes {-context.xml, Context.groovy}.
22:29:16.654 [Test worker] INFO org.springframework.test.context.support.AnnotationConfigContextLoaderUtils - Could not detect default configuration classes for test class [br.com.c3po.CommonApplicationTests]: CommonApplicationTests does not declare any static, non-private, non-final, nested classes annotated with @Configuration.
22:29:16.754 [Test worker] DEBUG org.springframework.test.context.support.ActiveProfilesUtils - Could not find an 'annotation declaring class' for annotation type [org.springframework.test.context.ActiveProfiles] and class [br.com.c3po.CommonApplicationTests]
22:29:16.898 [Test worker] DEBUG org.springframework.context.annotation.ClassPathScanningCandidateComponentProvider - Identified candidate component class: file [/media/heribertoagj/Development1/bitbucket/c3Po/c3po-common/build/classes/java/main/br/com/c3po/CommonApplication.class]
22:29:16.901 [Test worker] INFO org.springframework.boot.test.context.SpringBootTestContextBootstrapper - Found @SpringBootConfiguration br.com.c3po.CommonApplication for test class br.com.c3po.CommonApplicationTests
22:29:17.156 [Test worker] DEBUG org.springframework.boot.test.context.SpringBootTestContextBootstrapper - @TestExecutionListeners is not present for class [br.com.c3po.CommonApplicationTests]: using defaults.
22:29:17.158 [Test worker] INFO org.springframework.boot.test.context.SpringBootTestContextBootstrapper - Loaded default TestExecutionListener class names from location [META-INF/spring.factories]: [org.springframework.boot.test.autoconfigure.restdocs.RestDocsTestExecutionListener, org.springframework.boot.test.autoconfigure.web.client.MockRestServiceServerResetTestExecutionListener, org.springframework.boot.test.autoconfigure.web.servlet.MockMvcPrintOnlyOnFailureTestExecutionListener, org.springframework.boot.test.autoconfigure.web.servlet.WebDriverTestExecutionListener, org.springframework.boot.test.autoconfigure.webservices.client.MockWebServiceServerTestExecutionListener, org.springframework.boot.test.mock.mockito.MockitoTestExecutionListener, org.springframework.boot.test.mock.mockito.ResetMocksTestExecutionListener, org.springframework.test.context.web.ServletTestExecutionListener, org.springframework.test.context.support.DirtiesContextBeforeModesTestExecutionListener, org.springframework.test.context.event.ApplicationEventsTestExecutionListener, org.springframework.test.context.support.DependencyInjectionTestExecutionListener, org.springframework.test.context.support.DirtiesContextTestExecutionListener, org.springframework.test.context.transaction.TransactionalTestExecutionListener, org.springframework.test.context.jdbc.SqlScriptsTestExecutionListener, org.springframework.test.context.event.EventPublishingTestExecutionListener]
22:29:17.183 [Test worker] DEBUG org.springframework.boot.test.context.SpringBootTestContextBootstrapper - Skipping candidate TestExecutionListener [org.springframework.test.context.web.ServletTestExecutionListener] due to a missing dependency. Specify custom listener classes or make the default listener classes and their required dependencies available. Offending class: [javax/servlet/ServletContext]
22:29:17.187 [Test worker] DEBUG org.springframework.boot.test.context.SpringBootTestContextBootstrapper - Skipping candidate TestExecutionListener [org.springframework.test.context.transaction.TransactionalTestExecutionListener] due to a missing dependency. Specify custom listener classes or make the default listener classes and their required dependencies available. Offending class: [org/springframework/transaction/interceptor/TransactionAttributeSource]
22:29:17.188 [Test worker] DEBUG org.springframework.boot.test.context.SpringBootTestContextBootstrapper - Skipping candidate TestExecutionListener [org.springframework.test.context.jdbc.SqlScriptsTestExecutionListener] due to a missing dependency. Specify custom listener classes or make the default listener classes and their required dependencies available. Offending class: [org/springframework/transaction/interceptor/TransactionAttribute]
22:29:17.189 [Test worker] INFO org.springframework.boot.test.context.SpringBootTestContextBootstrapper - Using TestExecutionListeners: [org.springframework.test.context.support.DirtiesContextBeforeModesTestExecutionListener@7516e4e5, org.springframework.test.context.event.ApplicationEventsTestExecutionListener@488eb7f2, org.springframework.boot.test.mock.mockito.MockitoTestExecutionListener@5e81e5ac, org.springframework.boot.test.autoconfigure.SpringBootDependencyInjectionTestExecutionListener@4189d70b, org.springframework.test.context.support.DirtiesContextTestExecutionListener@3fa2213, org.springframework.test.context.event.EventPublishingTestExecutionListener@3e7634b9, org.springframework.boot.test.autoconfigure.restdocs.RestDocsTestExecutionListener@6f0b0a5e, org.springframework.boot.test.autoconfigure.web.client.MockRestServiceServerResetTestExecutionListener@6035b93b, org.springframework.boot.test.autoconfigure.web.servlet.MockMvcPrintOnlyOnFailureTestExecutionListener@320de594, org.springframework.boot.test.autoconfigure.web.servlet.WebDriverTestExecutionListener@3dd1dc90, org.springframework.boot.test.autoconfigure.webservices.client.MockWebServiceServerTestExecutionListener@abf688e, org.springframework.boot.test.mock.mockito.ResetMocksTestExecutionListener@478ee483]
22:29:17.202 [Test worker] DEBUG org.springframework.test.context.support.AbstractDirtiesContextTestExecutionListener - Before test class: context [DefaultTestContext@7fc6de5b testClass = CommonApplicationTests, testInstance = [null], testMethod = [null], testException = [null], mergedContextConfiguration = [MergedContextConfiguration@21baa903 testClass = CommonApplicationTests, locations = '{}', classes = '{class br.com.c3po.CommonApplication}', contextInitializerClasses = '[]', activeProfiles = '{}', propertySourceLocations = '{}', propertySourceProperties = '{org.springframework.boot.test.context.SpringBootTestContextBootstrapper=true}', contextCustomizers = set[org.springframework.boot.test.autoconfigure.actuate.metrics.MetricsExportContextCustomizerFactory$DisableMetricExportContextCustomizer@53251a66, org.springframework.boot.test.autoconfigure.properties.PropertyMappingContextCustomizer@0, org.springframework.boot.test.autoconfigure.web.servlet.WebDriverContextCustomizerFactory$Customizer@488d1cd7, org.springframework.boot.test.context.filter.ExcludeFilterContextCustomizer@25f4878b, org.springframework.boot.test.json.DuplicateJsonObjectContextCustomizerFactory$DuplicateJsonObjectContextCustomizer@3081f72c, org.springframework.boot.test.mock.mockito.MockitoContextCustomizer@0, org.springframework.boot.test.web.client.TestRestTemplateContextCustomizer@14bee915, org.springframework.boot.test.context.SpringBootTestArgs@1, org.springframework.boot.test.context.SpringBootTestWebEnvironment@6ad82709], contextLoader = 'org.springframework.boot.test.context.SpringBootContextLoader', parent = [null]], attributes = map[[empty]]], class annotated with @DirtiesContext [false] with mode [null].
22:29:17.233 [Test worker] DEBUG org.springframework.test.context.support.DependencyInjectionTestExecutionListener - Performing dependency injection for test context [[DefaultTestContext@7fc6de5b testClass = CommonApplicationTests, testInstance = br.com.c3po.CommonApplicationTests@4c4d27c8, testMethod = [null], testException = [null], mergedContextConfiguration = [MergedContextConfiguration@21baa903 testClass = CommonApplicationTests, locations = '{}', classes = '{class br.com.c3po.CommonApplication}', contextInitializerClasses = '[]', activeProfiles = '{}', propertySourceLocations = '{}', propertySourceProperties = '{org.springframework.boot.test.context.SpringBootTestContextBootstrapper=true}', contextCustomizers = set[org.springframework.boot.test.autoconfigure.actuate.metrics.MetricsExportContextCustomizerFactory$DisableMetricExportContextCustomizer@53251a66, org.springframework.boot.test.autoconfigure.properties.PropertyMappingContextCustomizer@0, org.springframework.boot.test.autoconfigure.web.servlet.WebDriverContextCustomizerFactory$Customizer@488d1cd7, org.springframework.boot.test.context.filter.ExcludeFilterContextCustomizer@25f4878b, org.springframework.boot.test.json.DuplicateJsonObjectContextCustomizerFactory$DuplicateJsonObjectContextCustomizer@3081f72c, org.springframework.boot.test.mock.mockito.MockitoContextCustomizer@0, org.springframework.boot.test.web.client.TestRestTemplateContextCustomizer@14bee915, org.springframework.boot.test.context.SpringBootTestArgs@1, org.springframework.boot.test.context.SpringBootTestWebEnvironment@6ad82709], contextLoader = 'org.springframework.boot.test.context.SpringBootContextLoader', parent = [null]], attributes = map['org.springframework.test.context.event.ApplicationEventsTestExecutionListener.recordApplicationEvents' -> false]]].

  .   ____          _            __ _ _
 /\\ / ___'_ __ _ _(_)_ __  __ _ \ \ \ \
( ( )\___ | '_ | '_| | '_ \/ _` | \ \ \ \
 \\/  ___)| |_)| | | | | || (_| |  ) ) ) )
  '  |____| .__|_| |_|_| |_\__, | / / / /
 =========|_|==============|___/=/_/_/_/
 :: Spring Boot ::                (v2.6.6)

2022-04-01 22:29:17.981  INFO 52927 --- [    Test worker] br.com.c3po.CommonApplicationTests       : Starting CommonApplicationTests using Java 17.0.1 on heribertoagj-K46CB with PID 52927 (started by heribertoagj in /media/heribertoagj/Development1/bitbucket/c3Po/c3po-common)
2022-04-01 22:29:17.984  INFO 52927 --- [    Test worker] br.com.c3po.CommonApplicationTests       : No active profile set, falling back to 1 default profile: "default"
2022-04-01 22:29:19.205  INFO 52927 --- [    Test worker] br.com.c3po.CommonApplicationTests       : Started CommonApplicationTests in 1.898 seconds (JVM running for 4.157)
]]></system-out>
  <system-err><![CDATA[]]></system-err>
</testsuite>
